ARM GAS  C:\Users\william\AppData\Local\Temp\ccLsxv2S.s 			page 1


   1              		.cpu cortex-m4
   2              		.arch armv7e-m
   3              		.fpu fpv4-sp-d16
   4              		.eabi_attribute 27, 1
   5              		.eabi_attribute 28, 1
   6              		.eabi_attribute 20, 1
   7              		.eabi_attribute 21, 1
   8              		.eabi_attribute 23, 3
   9              		.eabi_attribute 24, 1
  10              		.eabi_attribute 25, 1
  11              		.eabi_attribute 26, 1
  12              		.eabi_attribute 30, 1
  13              		.eabi_attribute 34, 1
  14              		.eabi_attribute 18, 4
  15              		.file	"gpio.c"
  16              		.text
  17              	.Ltext0:
  18              		.cfi_sections	.debug_frame
  19              		.file 1 "Core/Src/gpio.c"
  20              		.section	.text.MX_GPIO_Init,"ax",%progbits
  21              		.align	1
  22              		.global	MX_GPIO_Init
  23              		.syntax unified
  24              		.thumb
  25              		.thumb_func
  27              	MX_GPIO_Init:
  28              	.LFB130:
   1:Core/Src/gpio.c **** /* USER CODE BEGIN Header */
   2:Core/Src/gpio.c **** /**
   3:Core/Src/gpio.c ****   ******************************************************************************
   4:Core/Src/gpio.c ****   * @file    gpio.c
   5:Core/Src/gpio.c ****   * @brief   This file provides code for the configuration
   6:Core/Src/gpio.c ****   *          of all used GPIO pins.
   7:Core/Src/gpio.c ****   ******************************************************************************
   8:Core/Src/gpio.c ****   * @attention
   9:Core/Src/gpio.c ****   *
  10:Core/Src/gpio.c ****   * Copyright (c) 2023 STMicroelectronics.
  11:Core/Src/gpio.c ****   * All rights reserved.
  12:Core/Src/gpio.c ****   *
  13:Core/Src/gpio.c ****   * This software is licensed under terms that can be found in the LICENSE file
  14:Core/Src/gpio.c ****   * in the root directory of this software component.
  15:Core/Src/gpio.c ****   * If no LICENSE file comes with this software, it is provided AS-IS.
  16:Core/Src/gpio.c ****   *
  17:Core/Src/gpio.c ****   ******************************************************************************
  18:Core/Src/gpio.c ****   */
  19:Core/Src/gpio.c **** /* USER CODE END Header */
  20:Core/Src/gpio.c **** 
  21:Core/Src/gpio.c **** /* Includes ------------------------------------------------------------------*/
  22:Core/Src/gpio.c **** #include "gpio.h"
  23:Core/Src/gpio.c **** 
  24:Core/Src/gpio.c **** /* USER CODE BEGIN 0 */
  25:Core/Src/gpio.c **** 
  26:Core/Src/gpio.c **** /* USER CODE END 0 */
  27:Core/Src/gpio.c **** 
  28:Core/Src/gpio.c **** /*----------------------------------------------------------------------------*/
  29:Core/Src/gpio.c **** /* Configure GPIO                                                             */
  30:Core/Src/gpio.c **** /*----------------------------------------------------------------------------*/
ARM GAS  C:\Users\william\AppData\Local\Temp\ccLsxv2S.s 			page 2


  31:Core/Src/gpio.c **** /* USER CODE BEGIN 1 */
  32:Core/Src/gpio.c **** 
  33:Core/Src/gpio.c **** /* USER CODE END 1 */
  34:Core/Src/gpio.c **** 
  35:Core/Src/gpio.c **** /** Configure pins as
  36:Core/Src/gpio.c ****         * Analog
  37:Core/Src/gpio.c ****         * Input
  38:Core/Src/gpio.c ****         * Output
  39:Core/Src/gpio.c ****         * EVENT_OUT
  40:Core/Src/gpio.c ****         * EXTI
  41:Core/Src/gpio.c **** */
  42:Core/Src/gpio.c **** void MX_GPIO_Init(void)
  43:Core/Src/gpio.c **** {
  29              		.loc 1 43 1 view -0
  30              		.cfi_startproc
  31              		@ args = 0, pretend = 0, frame = 16
  32              		@ frame_needed = 0, uses_anonymous_args = 0
  33              		@ link register save eliminated.
  34 0000 84B0     		sub	sp, sp, #16
  35              		.cfi_def_cfa_offset 16
  44:Core/Src/gpio.c **** 
  45:Core/Src/gpio.c ****   /* GPIO Ports Clock Enable */
  46:Core/Src/gpio.c ****   __HAL_RCC_GPIOA_CLK_ENABLE();
  36              		.loc 1 46 3 view .LVU1
  37              	.LBB2:
  38              		.loc 1 46 3 view .LVU2
  39 0002 0022     		movs	r2, #0
  40 0004 0092     		str	r2, [sp]
  41              		.loc 1 46 3 view .LVU3
  42 0006 154B     		ldr	r3, .L3
  43 0008 196B     		ldr	r1, [r3, #48]
  44 000a 41F00101 		orr	r1, r1, #1
  45 000e 1963     		str	r1, [r3, #48]
  46              		.loc 1 46 3 view .LVU4
  47 0010 196B     		ldr	r1, [r3, #48]
  48 0012 01F00101 		and	r1, r1, #1
  49 0016 0091     		str	r1, [sp]
  50              		.loc 1 46 3 view .LVU5
  51 0018 0099     		ldr	r1, [sp]
  52              	.LBE2:
  53              		.loc 1 46 3 view .LVU6
  47:Core/Src/gpio.c ****   __HAL_RCC_GPIOB_CLK_ENABLE();
  54              		.loc 1 47 3 view .LVU7
  55              	.LBB3:
  56              		.loc 1 47 3 view .LVU8
  57 001a 0192     		str	r2, [sp, #4]
  58              		.loc 1 47 3 view .LVU9
  59 001c 196B     		ldr	r1, [r3, #48]
  60 001e 41F00201 		orr	r1, r1, #2
  61 0022 1963     		str	r1, [r3, #48]
  62              		.loc 1 47 3 view .LVU10
  63 0024 196B     		ldr	r1, [r3, #48]
  64 0026 01F00201 		and	r1, r1, #2
  65 002a 0191     		str	r1, [sp, #4]
  66              		.loc 1 47 3 view .LVU11
  67 002c 0199     		ldr	r1, [sp, #4]
  68              	.LBE3:
ARM GAS  C:\Users\william\AppData\Local\Temp\ccLsxv2S.s 			page 3


  69              		.loc 1 47 3 view .LVU12
  48:Core/Src/gpio.c ****   __HAL_RCC_GPIOD_CLK_ENABLE();
  70              		.loc 1 48 3 view .LVU13
  71              	.LBB4:
  72              		.loc 1 48 3 view .LVU14
  73 002e 0292     		str	r2, [sp, #8]
  74              		.loc 1 48 3 view .LVU15
  75 0030 196B     		ldr	r1, [r3, #48]
  76 0032 41F00801 		orr	r1, r1, #8
  77 0036 1963     		str	r1, [r3, #48]
  78              		.loc 1 48 3 view .LVU16
  79 0038 196B     		ldr	r1, [r3, #48]
  80 003a 01F00801 		and	r1, r1, #8
  81 003e 0291     		str	r1, [sp, #8]
  82              		.loc 1 48 3 view .LVU17
  83 0040 0299     		ldr	r1, [sp, #8]
  84              	.LBE4:
  85              		.loc 1 48 3 view .LVU18
  49:Core/Src/gpio.c ****   __HAL_RCC_GPIOH_CLK_ENABLE();
  86              		.loc 1 49 3 view .LVU19
  87              	.LBB5:
  88              		.loc 1 49 3 view .LVU20
  89 0042 0392     		str	r2, [sp, #12]
  90              		.loc 1 49 3 view .LVU21
  91 0044 1A6B     		ldr	r2, [r3, #48]
  92 0046 42F08002 		orr	r2, r2, #128
  93 004a 1A63     		str	r2, [r3, #48]
  94              		.loc 1 49 3 view .LVU22
  95 004c 1B6B     		ldr	r3, [r3, #48]
  96 004e 03F08003 		and	r3, r3, #128
  97 0052 0393     		str	r3, [sp, #12]
  98              		.loc 1 49 3 view .LVU23
  99 0054 039B     		ldr	r3, [sp, #12]
 100              	.LBE5:
 101              		.loc 1 49 3 view .LVU24
  50:Core/Src/gpio.c **** 
  51:Core/Src/gpio.c **** }
 102              		.loc 1 51 1 is_stmt 0 view .LVU25
 103 0056 04B0     		add	sp, sp, #16
 104              		.cfi_def_cfa_offset 0
 105              		@ sp needed
 106 0058 7047     		bx	lr
 107              	.L4:
 108 005a 00BF     		.align	2
 109              	.L3:
 110 005c 00380240 		.word	1073887232
 111              		.cfi_endproc
 112              	.LFE130:
 114              		.text
 115              	.Letext0:
 116              		.file 2 "C:/Users/william/AppData/Roaming/Code/User/globalStorage/bmd.stm32-for-vscode/@xpack-dev-
 117              		.file 3 "C:/Users/william/AppData/Roaming/Code/User/globalStorage/bmd.stm32-for-vscode/@xpack-dev-
 118              		.file 4 "Drivers/CMSIS/Device/ST/STM32F4xx/Include/stm32f407xx.h"
ARM GAS  C:\Users\william\AppData\Local\Temp\ccLsxv2S.s 			page 4


DEFINED SYMBOLS
                            *ABS*:00000000 gpio.c
C:\Users\william\AppData\Local\Temp\ccLsxv2S.s:21     .text.MX_GPIO_Init:00000000 $t
C:\Users\william\AppData\Local\Temp\ccLsxv2S.s:27     .text.MX_GPIO_Init:00000000 MX_GPIO_Init
C:\Users\william\AppData\Local\Temp\ccLsxv2S.s:110    .text.MX_GPIO_Init:0000005c $d

NO UNDEFINED SYMBOLS
