ARM GAS  C:\Users\william\AppData\Local\Temp\ccryFSs1.s 			page 1


   1              		.cpu cortex-m4
   2              		.arch armv7e-m
   3              		.fpu fpv4-sp-d16
   4              		.eabi_attribute 27, 1
   5              		.eabi_attribute 28, 1
   6              		.eabi_attribute 20, 1
   7              		.eabi_attribute 21, 1
   8              		.eabi_attribute 23, 3
   9              		.eabi_attribute 24, 1
  10              		.eabi_attribute 25, 1
  11              		.eabi_attribute 26, 1
  12              		.eabi_attribute 30, 1
  13              		.eabi_attribute 34, 1
  14              		.eabi_attribute 18, 4
  15              		.file	"stm32f4xx_it.c"
  16              		.text
  17              	.Ltext0:
  18              		.cfi_sections	.debug_frame
  19              		.file 1 "Core/Src/stm32f4xx_it.c"
  20              		.section	.text.NMI_Handler,"ax",%progbits
  21              		.align	1
  22              		.global	NMI_Handler
  23              		.syntax unified
  24              		.thumb
  25              		.thumb_func
  27              	NMI_Handler:
  28              	.LFB130:
   1:Core/Src/stm32f4xx_it.c **** /* USER CODE BEGIN Header */
   2:Core/Src/stm32f4xx_it.c **** /**
   3:Core/Src/stm32f4xx_it.c ****   ******************************************************************************
   4:Core/Src/stm32f4xx_it.c ****   * @file    stm32f4xx_it.c
   5:Core/Src/stm32f4xx_it.c ****   * @brief   Interrupt Service Routines.
   6:Core/Src/stm32f4xx_it.c ****   ******************************************************************************
   7:Core/Src/stm32f4xx_it.c ****   * @attention
   8:Core/Src/stm32f4xx_it.c ****   *
   9:Core/Src/stm32f4xx_it.c ****   * Copyright (c) 2023 STMicroelectronics.
  10:Core/Src/stm32f4xx_it.c ****   * All rights reserved.
  11:Core/Src/stm32f4xx_it.c ****   *
  12:Core/Src/stm32f4xx_it.c ****   * This software is licensed under terms that can be found in the LICENSE file
  13:Core/Src/stm32f4xx_it.c ****   * in the root directory of this software component.
  14:Core/Src/stm32f4xx_it.c ****   * If no LICENSE file comes with this software, it is provided AS-IS.
  15:Core/Src/stm32f4xx_it.c ****   *
  16:Core/Src/stm32f4xx_it.c ****   ******************************************************************************
  17:Core/Src/stm32f4xx_it.c ****   */
  18:Core/Src/stm32f4xx_it.c **** /* USER CODE END Header */
  19:Core/Src/stm32f4xx_it.c **** 
  20:Core/Src/stm32f4xx_it.c **** /* Includes ------------------------------------------------------------------*/
  21:Core/Src/stm32f4xx_it.c **** #include "main.h"
  22:Core/Src/stm32f4xx_it.c **** #include "stm32f4xx_it.h"
  23:Core/Src/stm32f4xx_it.c **** /* Private includes ----------------------------------------------------------*/
  24:Core/Src/stm32f4xx_it.c **** /* USER CODE BEGIN Includes */
  25:Core/Src/stm32f4xx_it.c **** /* USER CODE END Includes */
  26:Core/Src/stm32f4xx_it.c **** 
  27:Core/Src/stm32f4xx_it.c **** /* Private typedef -----------------------------------------------------------*/
  28:Core/Src/stm32f4xx_it.c **** /* USER CODE BEGIN TD */
  29:Core/Src/stm32f4xx_it.c **** 
  30:Core/Src/stm32f4xx_it.c **** /* USER CODE END TD */
ARM GAS  C:\Users\william\AppData\Local\Temp\ccryFSs1.s 			page 2


  31:Core/Src/stm32f4xx_it.c **** 
  32:Core/Src/stm32f4xx_it.c **** /* Private define ------------------------------------------------------------*/
  33:Core/Src/stm32f4xx_it.c **** /* USER CODE BEGIN PD */
  34:Core/Src/stm32f4xx_it.c **** 
  35:Core/Src/stm32f4xx_it.c **** /* USER CODE END PD */
  36:Core/Src/stm32f4xx_it.c **** 
  37:Core/Src/stm32f4xx_it.c **** /* Private macro -------------------------------------------------------------*/
  38:Core/Src/stm32f4xx_it.c **** /* USER CODE BEGIN PM */
  39:Core/Src/stm32f4xx_it.c **** 
  40:Core/Src/stm32f4xx_it.c **** /* USER CODE END PM */
  41:Core/Src/stm32f4xx_it.c **** 
  42:Core/Src/stm32f4xx_it.c **** /* Private variables ---------------------------------------------------------*/
  43:Core/Src/stm32f4xx_it.c **** /* USER CODE BEGIN PV */
  44:Core/Src/stm32f4xx_it.c **** 
  45:Core/Src/stm32f4xx_it.c **** /* USER CODE END PV */
  46:Core/Src/stm32f4xx_it.c **** 
  47:Core/Src/stm32f4xx_it.c **** /* Private function prototypes -----------------------------------------------*/
  48:Core/Src/stm32f4xx_it.c **** /* USER CODE BEGIN PFP */
  49:Core/Src/stm32f4xx_it.c **** 
  50:Core/Src/stm32f4xx_it.c **** /* USER CODE END PFP */
  51:Core/Src/stm32f4xx_it.c **** 
  52:Core/Src/stm32f4xx_it.c **** /* Private user code ---------------------------------------------------------*/
  53:Core/Src/stm32f4xx_it.c **** /* USER CODE BEGIN 0 */
  54:Core/Src/stm32f4xx_it.c **** 
  55:Core/Src/stm32f4xx_it.c **** /* USER CODE END 0 */
  56:Core/Src/stm32f4xx_it.c **** 
  57:Core/Src/stm32f4xx_it.c **** /* External variables --------------------------------------------------------*/
  58:Core/Src/stm32f4xx_it.c **** extern CAN_HandleTypeDef hcan1;
  59:Core/Src/stm32f4xx_it.c **** extern DMA_HandleTypeDef hdma_usart1_rx;
  60:Core/Src/stm32f4xx_it.c **** extern DMA_HandleTypeDef hdma_usart1_tx;
  61:Core/Src/stm32f4xx_it.c **** extern UART_HandleTypeDef huart1;
  62:Core/Src/stm32f4xx_it.c **** /* USER CODE BEGIN EV */
  63:Core/Src/stm32f4xx_it.c **** 
  64:Core/Src/stm32f4xx_it.c **** /* USER CODE END EV */
  65:Core/Src/stm32f4xx_it.c **** 
  66:Core/Src/stm32f4xx_it.c **** /******************************************************************************/
  67:Core/Src/stm32f4xx_it.c **** /*           Cortex-M4 Processor Interruption and Exception Handlers          */
  68:Core/Src/stm32f4xx_it.c **** /******************************************************************************/
  69:Core/Src/stm32f4xx_it.c **** /**
  70:Core/Src/stm32f4xx_it.c ****   * @brief This function handles Non maskable interrupt.
  71:Core/Src/stm32f4xx_it.c ****   */
  72:Core/Src/stm32f4xx_it.c **** void NMI_Handler(void)
  73:Core/Src/stm32f4xx_it.c **** {
  29              		.loc 1 73 1 view -0
  30              		.cfi_startproc
  31              		@ Volatile: function does not return.
  32              		@ args = 0, pretend = 0, frame = 0
  33              		@ frame_needed = 0, uses_anonymous_args = 0
  34              		@ link register save eliminated.
  35              	.L2:
  74:Core/Src/stm32f4xx_it.c ****   /* USER CODE BEGIN NonMaskableInt_IRQn 0 */
  75:Core/Src/stm32f4xx_it.c **** 
  76:Core/Src/stm32f4xx_it.c ****   /* USER CODE END NonMaskableInt_IRQn 0 */
  77:Core/Src/stm32f4xx_it.c ****   /* USER CODE BEGIN NonMaskableInt_IRQn 1 */
  78:Core/Src/stm32f4xx_it.c ****   while (1)
  36              		.loc 1 78 3 view .LVU1
  79:Core/Src/stm32f4xx_it.c ****   {
ARM GAS  C:\Users\william\AppData\Local\Temp\ccryFSs1.s 			page 3


  80:Core/Src/stm32f4xx_it.c ****   }
  37              		.loc 1 80 3 view .LVU2
  78:Core/Src/stm32f4xx_it.c ****   {
  38              		.loc 1 78 9 view .LVU3
  39 0000 FEE7     		b	.L2
  40              		.cfi_endproc
  41              	.LFE130:
  43              		.section	.text.HardFault_Handler,"ax",%progbits
  44              		.align	1
  45              		.global	HardFault_Handler
  46              		.syntax unified
  47              		.thumb
  48              		.thumb_func
  50              	HardFault_Handler:
  51              	.LFB131:
  81:Core/Src/stm32f4xx_it.c ****   /* USER CODE END NonMaskableInt_IRQn 1 */
  82:Core/Src/stm32f4xx_it.c **** }
  83:Core/Src/stm32f4xx_it.c **** 
  84:Core/Src/stm32f4xx_it.c **** /**
  85:Core/Src/stm32f4xx_it.c ****   * @brief This function handles Hard fault interrupt.
  86:Core/Src/stm32f4xx_it.c ****   */
  87:Core/Src/stm32f4xx_it.c **** void HardFault_Handler(void)
  88:Core/Src/stm32f4xx_it.c **** {
  52              		.loc 1 88 1 view -0
  53              		.cfi_startproc
  54              		@ Volatile: function does not return.
  55              		@ args = 0, pretend = 0, frame = 0
  56              		@ frame_needed = 0, uses_anonymous_args = 0
  57              		@ link register save eliminated.
  58              	.L4:
  89:Core/Src/stm32f4xx_it.c ****   /* USER CODE BEGIN HardFault_IRQn 0 */
  90:Core/Src/stm32f4xx_it.c **** 
  91:Core/Src/stm32f4xx_it.c ****   /* USER CODE END HardFault_IRQn 0 */
  92:Core/Src/stm32f4xx_it.c ****   while (1)
  59              		.loc 1 92 3 view .LVU5
  93:Core/Src/stm32f4xx_it.c ****   {
  94:Core/Src/stm32f4xx_it.c ****     /* USER CODE BEGIN W1_HardFault_IRQn 0 */
  95:Core/Src/stm32f4xx_it.c ****     /* USER CODE END W1_HardFault_IRQn 0 */
  96:Core/Src/stm32f4xx_it.c ****   }
  60              		.loc 1 96 3 view .LVU6
  92:Core/Src/stm32f4xx_it.c ****   {
  61              		.loc 1 92 9 view .LVU7
  62 0000 FEE7     		b	.L4
  63              		.cfi_endproc
  64              	.LFE131:
  66              		.section	.text.MemManage_Handler,"ax",%progbits
  67              		.align	1
  68              		.global	MemManage_Handler
  69              		.syntax unified
  70              		.thumb
  71              		.thumb_func
  73              	MemManage_Handler:
  74              	.LFB132:
  97:Core/Src/stm32f4xx_it.c **** }
  98:Core/Src/stm32f4xx_it.c **** 
  99:Core/Src/stm32f4xx_it.c **** /**
 100:Core/Src/stm32f4xx_it.c ****   * @brief This function handles Memory management fault.
ARM GAS  C:\Users\william\AppData\Local\Temp\ccryFSs1.s 			page 4


 101:Core/Src/stm32f4xx_it.c ****   */
 102:Core/Src/stm32f4xx_it.c **** void MemManage_Handler(void)
 103:Core/Src/stm32f4xx_it.c **** {
  75              		.loc 1 103 1 view -0
  76              		.cfi_startproc
  77              		@ Volatile: function does not return.
  78              		@ args = 0, pretend = 0, frame = 0
  79              		@ frame_needed = 0, uses_anonymous_args = 0
  80              		@ link register save eliminated.
  81              	.L6:
 104:Core/Src/stm32f4xx_it.c ****   /* USER CODE BEGIN MemoryManagement_IRQn 0 */
 105:Core/Src/stm32f4xx_it.c **** 
 106:Core/Src/stm32f4xx_it.c ****   /* USER CODE END MemoryManagement_IRQn 0 */
 107:Core/Src/stm32f4xx_it.c ****   while (1)
  82              		.loc 1 107 3 view .LVU9
 108:Core/Src/stm32f4xx_it.c ****   {
 109:Core/Src/stm32f4xx_it.c ****     /* USER CODE BEGIN W1_MemoryManagement_IRQn 0 */
 110:Core/Src/stm32f4xx_it.c ****     /* USER CODE END W1_MemoryManagement_IRQn 0 */
 111:Core/Src/stm32f4xx_it.c ****   }
  83              		.loc 1 111 3 view .LVU10
 107:Core/Src/stm32f4xx_it.c ****   {
  84              		.loc 1 107 9 view .LVU11
  85 0000 FEE7     		b	.L6
  86              		.cfi_endproc
  87              	.LFE132:
  89              		.section	.text.BusFault_Handler,"ax",%progbits
  90              		.align	1
  91              		.global	BusFault_Handler
  92              		.syntax unified
  93              		.thumb
  94              		.thumb_func
  96              	BusFault_Handler:
  97              	.LFB133:
 112:Core/Src/stm32f4xx_it.c **** }
 113:Core/Src/stm32f4xx_it.c **** 
 114:Core/Src/stm32f4xx_it.c **** /**
 115:Core/Src/stm32f4xx_it.c ****   * @brief This function handles Pre-fetch fault, memory access fault.
 116:Core/Src/stm32f4xx_it.c ****   */
 117:Core/Src/stm32f4xx_it.c **** void BusFault_Handler(void)
 118:Core/Src/stm32f4xx_it.c **** {
  98              		.loc 1 118 1 view -0
  99              		.cfi_startproc
 100              		@ Volatile: function does not return.
 101              		@ args = 0, pretend = 0, frame = 0
 102              		@ frame_needed = 0, uses_anonymous_args = 0
 103              		@ link register save eliminated.
 104              	.L8:
 119:Core/Src/stm32f4xx_it.c ****   /* USER CODE BEGIN BusFault_IRQn 0 */
 120:Core/Src/stm32f4xx_it.c **** 
 121:Core/Src/stm32f4xx_it.c ****   /* USER CODE END BusFault_IRQn 0 */
 122:Core/Src/stm32f4xx_it.c ****   while (1)
 105              		.loc 1 122 3 view .LVU13
 123:Core/Src/stm32f4xx_it.c ****   {
 124:Core/Src/stm32f4xx_it.c ****     /* USER CODE BEGIN W1_BusFault_IRQn 0 */
 125:Core/Src/stm32f4xx_it.c ****     /* USER CODE END W1_BusFault_IRQn 0 */
 126:Core/Src/stm32f4xx_it.c ****   }
 106              		.loc 1 126 3 view .LVU14
ARM GAS  C:\Users\william\AppData\Local\Temp\ccryFSs1.s 			page 5


 122:Core/Src/stm32f4xx_it.c ****   {
 107              		.loc 1 122 9 view .LVU15
 108 0000 FEE7     		b	.L8
 109              		.cfi_endproc
 110              	.LFE133:
 112              		.section	.text.UsageFault_Handler,"ax",%progbits
 113              		.align	1
 114              		.global	UsageFault_Handler
 115              		.syntax unified
 116              		.thumb
 117              		.thumb_func
 119              	UsageFault_Handler:
 120              	.LFB134:
 127:Core/Src/stm32f4xx_it.c **** }
 128:Core/Src/stm32f4xx_it.c **** 
 129:Core/Src/stm32f4xx_it.c **** /**
 130:Core/Src/stm32f4xx_it.c ****   * @brief This function handles Undefined instruction or illegal state.
 131:Core/Src/stm32f4xx_it.c ****   */
 132:Core/Src/stm32f4xx_it.c **** void UsageFault_Handler(void)
 133:Core/Src/stm32f4xx_it.c **** {
 121              		.loc 1 133 1 view -0
 122              		.cfi_startproc
 123              		@ Volatile: function does not return.
 124              		@ args = 0, pretend = 0, frame = 0
 125              		@ frame_needed = 0, uses_anonymous_args = 0
 126              		@ link register save eliminated.
 127              	.L10:
 134:Core/Src/stm32f4xx_it.c ****   /* USER CODE BEGIN UsageFault_IRQn 0 */
 135:Core/Src/stm32f4xx_it.c **** 
 136:Core/Src/stm32f4xx_it.c ****   /* USER CODE END UsageFault_IRQn 0 */
 137:Core/Src/stm32f4xx_it.c ****   while (1)
 128              		.loc 1 137 3 view .LVU17
 138:Core/Src/stm32f4xx_it.c ****   {
 139:Core/Src/stm32f4xx_it.c ****     /* USER CODE BEGIN W1_UsageFault_IRQn 0 */
 140:Core/Src/stm32f4xx_it.c ****     /* USER CODE END W1_UsageFault_IRQn 0 */
 141:Core/Src/stm32f4xx_it.c ****   }
 129              		.loc 1 141 3 view .LVU18
 137:Core/Src/stm32f4xx_it.c ****   {
 130              		.loc 1 137 9 view .LVU19
 131 0000 FEE7     		b	.L10
 132              		.cfi_endproc
 133              	.LFE134:
 135              		.section	.text.SVC_Handler,"ax",%progbits
 136              		.align	1
 137              		.global	SVC_Handler
 138              		.syntax unified
 139              		.thumb
 140              		.thumb_func
 142              	SVC_Handler:
 143              	.LFB135:
 142:Core/Src/stm32f4xx_it.c **** }
 143:Core/Src/stm32f4xx_it.c **** 
 144:Core/Src/stm32f4xx_it.c **** /**
 145:Core/Src/stm32f4xx_it.c ****   * @brief This function handles System service call via SWI instruction.
 146:Core/Src/stm32f4xx_it.c ****   */
 147:Core/Src/stm32f4xx_it.c **** void SVC_Handler(void)
 148:Core/Src/stm32f4xx_it.c **** {
ARM GAS  C:\Users\william\AppData\Local\Temp\ccryFSs1.s 			page 6


 144              		.loc 1 148 1 view -0
 145              		.cfi_startproc
 146              		@ args = 0, pretend = 0, frame = 0
 147              		@ frame_needed = 0, uses_anonymous_args = 0
 148              		@ link register save eliminated.
 149:Core/Src/stm32f4xx_it.c ****   /* USER CODE BEGIN SVCall_IRQn 0 */
 150:Core/Src/stm32f4xx_it.c **** 
 151:Core/Src/stm32f4xx_it.c ****   /* USER CODE END SVCall_IRQn 0 */
 152:Core/Src/stm32f4xx_it.c ****   /* USER CODE BEGIN SVCall_IRQn 1 */
 153:Core/Src/stm32f4xx_it.c **** 
 154:Core/Src/stm32f4xx_it.c ****   /* USER CODE END SVCall_IRQn 1 */
 155:Core/Src/stm32f4xx_it.c **** }
 149              		.loc 1 155 1 view .LVU21
 150 0000 7047     		bx	lr
 151              		.cfi_endproc
 152              	.LFE135:
 154              		.section	.text.DebugMon_Handler,"ax",%progbits
 155              		.align	1
 156              		.global	DebugMon_Handler
 157              		.syntax unified
 158              		.thumb
 159              		.thumb_func
 161              	DebugMon_Handler:
 162              	.LFB136:
 156:Core/Src/stm32f4xx_it.c **** 
 157:Core/Src/stm32f4xx_it.c **** /**
 158:Core/Src/stm32f4xx_it.c ****   * @brief This function handles Debug monitor.
 159:Core/Src/stm32f4xx_it.c ****   */
 160:Core/Src/stm32f4xx_it.c **** void DebugMon_Handler(void)
 161:Core/Src/stm32f4xx_it.c **** {
 163              		.loc 1 161 1 view -0
 164              		.cfi_startproc
 165              		@ args = 0, pretend = 0, frame = 0
 166              		@ frame_needed = 0, uses_anonymous_args = 0
 167              		@ link register save eliminated.
 162:Core/Src/stm32f4xx_it.c ****   /* USER CODE BEGIN DebugMonitor_IRQn 0 */
 163:Core/Src/stm32f4xx_it.c **** 
 164:Core/Src/stm32f4xx_it.c ****   /* USER CODE END DebugMonitor_IRQn 0 */
 165:Core/Src/stm32f4xx_it.c ****   /* USER CODE BEGIN DebugMonitor_IRQn 1 */
 166:Core/Src/stm32f4xx_it.c **** 
 167:Core/Src/stm32f4xx_it.c ****   /* USER CODE END DebugMonitor_IRQn 1 */
 168:Core/Src/stm32f4xx_it.c **** }
 168              		.loc 1 168 1 view .LVU23
 169 0000 7047     		bx	lr
 170              		.cfi_endproc
 171              	.LFE136:
 173              		.section	.text.PendSV_Handler,"ax",%progbits
 174              		.align	1
 175              		.global	PendSV_Handler
 176              		.syntax unified
 177              		.thumb
 178              		.thumb_func
 180              	PendSV_Handler:
 181              	.LFB137:
 169:Core/Src/stm32f4xx_it.c **** 
 170:Core/Src/stm32f4xx_it.c **** /**
 171:Core/Src/stm32f4xx_it.c ****   * @brief This function handles Pendable request for system service.
ARM GAS  C:\Users\william\AppData\Local\Temp\ccryFSs1.s 			page 7


 172:Core/Src/stm32f4xx_it.c ****   */
 173:Core/Src/stm32f4xx_it.c **** void PendSV_Handler(void)
 174:Core/Src/stm32f4xx_it.c **** {
 182              		.loc 1 174 1 view -0
 183              		.cfi_startproc
 184              		@ args = 0, pretend = 0, frame = 0
 185              		@ frame_needed = 0, uses_anonymous_args = 0
 186              		@ link register save eliminated.
 175:Core/Src/stm32f4xx_it.c ****   /* USER CODE BEGIN PendSV_IRQn 0 */
 176:Core/Src/stm32f4xx_it.c **** 
 177:Core/Src/stm32f4xx_it.c ****   /* USER CODE END PendSV_IRQn 0 */
 178:Core/Src/stm32f4xx_it.c ****   /* USER CODE BEGIN PendSV_IRQn 1 */
 179:Core/Src/stm32f4xx_it.c **** 
 180:Core/Src/stm32f4xx_it.c ****   /* USER CODE END PendSV_IRQn 1 */
 181:Core/Src/stm32f4xx_it.c **** }
 187              		.loc 1 181 1 view .LVU25
 188 0000 7047     		bx	lr
 189              		.cfi_endproc
 190              	.LFE137:
 192              		.section	.text.SysTick_Handler,"ax",%progbits
 193              		.align	1
 194              		.global	SysTick_Handler
 195              		.syntax unified
 196              		.thumb
 197              		.thumb_func
 199              	SysTick_Handler:
 200              	.LFB138:
 182:Core/Src/stm32f4xx_it.c **** 
 183:Core/Src/stm32f4xx_it.c **** /**
 184:Core/Src/stm32f4xx_it.c ****   * @brief This function handles System tick timer.
 185:Core/Src/stm32f4xx_it.c ****   */
 186:Core/Src/stm32f4xx_it.c **** void SysTick_Handler(void)
 187:Core/Src/stm32f4xx_it.c **** {
 201              		.loc 1 187 1 view -0
 202              		.cfi_startproc
 203              		@ args = 0, pretend = 0, frame = 0
 204              		@ frame_needed = 0, uses_anonymous_args = 0
 205 0000 08B5     		push	{r3, lr}
 206              		.cfi_def_cfa_offset 8
 207              		.cfi_offset 3, -8
 208              		.cfi_offset 14, -4
 188:Core/Src/stm32f4xx_it.c ****   /* USER CODE BEGIN SysTick_IRQn 0 */
 189:Core/Src/stm32f4xx_it.c **** 
 190:Core/Src/stm32f4xx_it.c ****   /* USER CODE END SysTick_IRQn 0 */
 191:Core/Src/stm32f4xx_it.c ****   HAL_IncTick();
 209              		.loc 1 191 3 view .LVU27
 210 0002 FFF7FEFF 		bl	HAL_IncTick
 211              	.LVL0:
 192:Core/Src/stm32f4xx_it.c ****   /* USER CODE BEGIN SysTick_IRQn 1 */
 193:Core/Src/stm32f4xx_it.c **** 
 194:Core/Src/stm32f4xx_it.c ****   /* USER CODE END SysTick_IRQn 1 */
 195:Core/Src/stm32f4xx_it.c **** }
 212              		.loc 1 195 1 is_stmt 0 view .LVU28
 213 0006 08BD     		pop	{r3, pc}
 214              		.cfi_endproc
 215              	.LFE138:
 217              		.section	.text.CAN1_TX_IRQHandler,"ax",%progbits
ARM GAS  C:\Users\william\AppData\Local\Temp\ccryFSs1.s 			page 8


 218              		.align	1
 219              		.global	CAN1_TX_IRQHandler
 220              		.syntax unified
 221              		.thumb
 222              		.thumb_func
 224              	CAN1_TX_IRQHandler:
 225              	.LFB139:
 196:Core/Src/stm32f4xx_it.c **** 
 197:Core/Src/stm32f4xx_it.c **** /******************************************************************************/
 198:Core/Src/stm32f4xx_it.c **** /* STM32F4xx Peripheral Interrupt Handlers                                    */
 199:Core/Src/stm32f4xx_it.c **** /* Add here the Interrupt Handlers for the used peripherals.                  */
 200:Core/Src/stm32f4xx_it.c **** /* For the available peripheral interrupt handler names,                      */
 201:Core/Src/stm32f4xx_it.c **** /* please refer to the startup file (startup_stm32f4xx.s).                    */
 202:Core/Src/stm32f4xx_it.c **** /******************************************************************************/
 203:Core/Src/stm32f4xx_it.c **** 
 204:Core/Src/stm32f4xx_it.c **** /**
 205:Core/Src/stm32f4xx_it.c ****   * @brief This function handles CAN1 TX interrupts.
 206:Core/Src/stm32f4xx_it.c ****   */
 207:Core/Src/stm32f4xx_it.c **** void CAN1_TX_IRQHandler(void)
 208:Core/Src/stm32f4xx_it.c **** {
 226              		.loc 1 208 1 is_stmt 1 view -0
 227              		.cfi_startproc
 228              		@ args = 0, pretend = 0, frame = 0
 229              		@ frame_needed = 0, uses_anonymous_args = 0
 230 0000 08B5     		push	{r3, lr}
 231              		.cfi_def_cfa_offset 8
 232              		.cfi_offset 3, -8
 233              		.cfi_offset 14, -4
 209:Core/Src/stm32f4xx_it.c ****   /* USER CODE BEGIN CAN1_TX_IRQn 0 */
 210:Core/Src/stm32f4xx_it.c **** 
 211:Core/Src/stm32f4xx_it.c ****   /* USER CODE END CAN1_TX_IRQn 0 */
 212:Core/Src/stm32f4xx_it.c ****   HAL_CAN_IRQHandler(&hcan1);
 234              		.loc 1 212 3 view .LVU30
 235 0002 0248     		ldr	r0, .L18
 236 0004 FFF7FEFF 		bl	HAL_CAN_IRQHandler
 237              	.LVL1:
 213:Core/Src/stm32f4xx_it.c ****   /* USER CODE BEGIN CAN1_TX_IRQn 1 */
 214:Core/Src/stm32f4xx_it.c **** 
 215:Core/Src/stm32f4xx_it.c ****   /* USER CODE END CAN1_TX_IRQn 1 */
 216:Core/Src/stm32f4xx_it.c **** }
 238              		.loc 1 216 1 is_stmt 0 view .LVU31
 239 0008 08BD     		pop	{r3, pc}
 240              	.L19:
 241 000a 00BF     		.align	2
 242              	.L18:
 243 000c 00000000 		.word	hcan1
 244              		.cfi_endproc
 245              	.LFE139:
 247              		.section	.text.CAN1_RX0_IRQHandler,"ax",%progbits
 248              		.align	1
 249              		.global	CAN1_RX0_IRQHandler
 250              		.syntax unified
 251              		.thumb
 252              		.thumb_func
 254              	CAN1_RX0_IRQHandler:
 255              	.LFB140:
 217:Core/Src/stm32f4xx_it.c **** 
ARM GAS  C:\Users\william\AppData\Local\Temp\ccryFSs1.s 			page 9


 218:Core/Src/stm32f4xx_it.c **** /**
 219:Core/Src/stm32f4xx_it.c ****   * @brief This function handles CAN1 RX0 interrupts.
 220:Core/Src/stm32f4xx_it.c ****   */
 221:Core/Src/stm32f4xx_it.c **** void CAN1_RX0_IRQHandler(void)
 222:Core/Src/stm32f4xx_it.c **** {
 256              		.loc 1 222 1 is_stmt 1 view -0
 257              		.cfi_startproc
 258              		@ args = 0, pretend = 0, frame = 0
 259              		@ frame_needed = 0, uses_anonymous_args = 0
 260 0000 08B5     		push	{r3, lr}
 261              		.cfi_def_cfa_offset 8
 262              		.cfi_offset 3, -8
 263              		.cfi_offset 14, -4
 223:Core/Src/stm32f4xx_it.c ****   /* USER CODE BEGIN CAN1_RX0_IRQn 0 */
 224:Core/Src/stm32f4xx_it.c **** 
 225:Core/Src/stm32f4xx_it.c ****   /* USER CODE END CAN1_RX0_IRQn 0 */
 226:Core/Src/stm32f4xx_it.c ****   HAL_CAN_IRQHandler(&hcan1);
 264              		.loc 1 226 3 view .LVU33
 265 0002 0248     		ldr	r0, .L22
 266 0004 FFF7FEFF 		bl	HAL_CAN_IRQHandler
 267              	.LVL2:
 227:Core/Src/stm32f4xx_it.c ****   /* USER CODE BEGIN CAN1_RX0_IRQn 1 */
 228:Core/Src/stm32f4xx_it.c **** 
 229:Core/Src/stm32f4xx_it.c ****   /* USER CODE END CAN1_RX0_IRQn 1 */
 230:Core/Src/stm32f4xx_it.c **** }
 268              		.loc 1 230 1 is_stmt 0 view .LVU34
 269 0008 08BD     		pop	{r3, pc}
 270              	.L23:
 271 000a 00BF     		.align	2
 272              	.L22:
 273 000c 00000000 		.word	hcan1
 274              		.cfi_endproc
 275              	.LFE140:
 277              		.section	.text.CAN1_RX1_IRQHandler,"ax",%progbits
 278              		.align	1
 279              		.global	CAN1_RX1_IRQHandler
 280              		.syntax unified
 281              		.thumb
 282              		.thumb_func
 284              	CAN1_RX1_IRQHandler:
 285              	.LFB141:
 231:Core/Src/stm32f4xx_it.c **** 
 232:Core/Src/stm32f4xx_it.c **** /**
 233:Core/Src/stm32f4xx_it.c ****   * @brief This function handles CAN1 RX1 interrupt.
 234:Core/Src/stm32f4xx_it.c ****   */
 235:Core/Src/stm32f4xx_it.c **** void CAN1_RX1_IRQHandler(void)
 236:Core/Src/stm32f4xx_it.c **** {
 286              		.loc 1 236 1 is_stmt 1 view -0
 287              		.cfi_startproc
 288              		@ args = 0, pretend = 0, frame = 0
 289              		@ frame_needed = 0, uses_anonymous_args = 0
 290 0000 08B5     		push	{r3, lr}
 291              		.cfi_def_cfa_offset 8
 292              		.cfi_offset 3, -8
 293              		.cfi_offset 14, -4
 237:Core/Src/stm32f4xx_it.c ****   /* USER CODE BEGIN CAN1_RX1_IRQn 0 */
 238:Core/Src/stm32f4xx_it.c **** 
ARM GAS  C:\Users\william\AppData\Local\Temp\ccryFSs1.s 			page 10


 239:Core/Src/stm32f4xx_it.c ****   /* USER CODE END CAN1_RX1_IRQn 0 */
 240:Core/Src/stm32f4xx_it.c ****   HAL_CAN_IRQHandler(&hcan1);
 294              		.loc 1 240 3 view .LVU36
 295 0002 0248     		ldr	r0, .L26
 296 0004 FFF7FEFF 		bl	HAL_CAN_IRQHandler
 297              	.LVL3:
 241:Core/Src/stm32f4xx_it.c ****   /* USER CODE BEGIN CAN1_RX1_IRQn 1 */
 242:Core/Src/stm32f4xx_it.c **** 
 243:Core/Src/stm32f4xx_it.c ****   /* USER CODE END CAN1_RX1_IRQn 1 */
 244:Core/Src/stm32f4xx_it.c **** }
 298              		.loc 1 244 1 is_stmt 0 view .LVU37
 299 0008 08BD     		pop	{r3, pc}
 300              	.L27:
 301 000a 00BF     		.align	2
 302              	.L26:
 303 000c 00000000 		.word	hcan1
 304              		.cfi_endproc
 305              	.LFE141:
 307              		.section	.text.CAN1_SCE_IRQHandler,"ax",%progbits
 308              		.align	1
 309              		.global	CAN1_SCE_IRQHandler
 310              		.syntax unified
 311              		.thumb
 312              		.thumb_func
 314              	CAN1_SCE_IRQHandler:
 315              	.LFB142:
 245:Core/Src/stm32f4xx_it.c **** 
 246:Core/Src/stm32f4xx_it.c **** /**
 247:Core/Src/stm32f4xx_it.c ****   * @brief This function handles CAN1 SCE interrupt.
 248:Core/Src/stm32f4xx_it.c ****   */
 249:Core/Src/stm32f4xx_it.c **** void CAN1_SCE_IRQHandler(void)
 250:Core/Src/stm32f4xx_it.c **** {
 316              		.loc 1 250 1 is_stmt 1 view -0
 317              		.cfi_startproc
 318              		@ args = 0, pretend = 0, frame = 0
 319              		@ frame_needed = 0, uses_anonymous_args = 0
 320 0000 08B5     		push	{r3, lr}
 321              		.cfi_def_cfa_offset 8
 322              		.cfi_offset 3, -8
 323              		.cfi_offset 14, -4
 251:Core/Src/stm32f4xx_it.c ****   /* USER CODE BEGIN CAN1_SCE_IRQn 0 */
 252:Core/Src/stm32f4xx_it.c **** 
 253:Core/Src/stm32f4xx_it.c ****   /* USER CODE END CAN1_SCE_IRQn 0 */
 254:Core/Src/stm32f4xx_it.c ****   HAL_CAN_IRQHandler(&hcan1);
 324              		.loc 1 254 3 view .LVU39
 325 0002 0248     		ldr	r0, .L30
 326 0004 FFF7FEFF 		bl	HAL_CAN_IRQHandler
 327              	.LVL4:
 255:Core/Src/stm32f4xx_it.c ****   /* USER CODE BEGIN CAN1_SCE_IRQn 1 */
 256:Core/Src/stm32f4xx_it.c **** 
 257:Core/Src/stm32f4xx_it.c ****   /* USER CODE END CAN1_SCE_IRQn 1 */
 258:Core/Src/stm32f4xx_it.c **** }
 328              		.loc 1 258 1 is_stmt 0 view .LVU40
 329 0008 08BD     		pop	{r3, pc}
 330              	.L31:
 331 000a 00BF     		.align	2
 332              	.L30:
ARM GAS  C:\Users\william\AppData\Local\Temp\ccryFSs1.s 			page 11


 333 000c 00000000 		.word	hcan1
 334              		.cfi_endproc
 335              	.LFE142:
 337              		.section	.text.USART1_IRQHandler,"ax",%progbits
 338              		.align	1
 339              		.global	USART1_IRQHandler
 340              		.syntax unified
 341              		.thumb
 342              		.thumb_func
 344              	USART1_IRQHandler:
 345              	.LFB143:
 259:Core/Src/stm32f4xx_it.c **** 
 260:Core/Src/stm32f4xx_it.c **** /**
 261:Core/Src/stm32f4xx_it.c ****   * @brief This function handles USART1 global interrupt.
 262:Core/Src/stm32f4xx_it.c ****   */
 263:Core/Src/stm32f4xx_it.c **** void USART1_IRQHandler(void)
 264:Core/Src/stm32f4xx_it.c **** {
 346              		.loc 1 264 1 is_stmt 1 view -0
 347              		.cfi_startproc
 348              		@ args = 0, pretend = 0, frame = 0
 349              		@ frame_needed = 0, uses_anonymous_args = 0
 350 0000 08B5     		push	{r3, lr}
 351              		.cfi_def_cfa_offset 8
 352              		.cfi_offset 3, -8
 353              		.cfi_offset 14, -4
 265:Core/Src/stm32f4xx_it.c ****   /* USER CODE BEGIN USART1_IRQn 0 */
 266:Core/Src/stm32f4xx_it.c **** 
 267:Core/Src/stm32f4xx_it.c ****   /* USER CODE END USART1_IRQn 0 */
 268:Core/Src/stm32f4xx_it.c ****   HAL_UART_IRQHandler(&huart1);
 354              		.loc 1 268 3 view .LVU42
 355 0002 0248     		ldr	r0, .L34
 356 0004 FFF7FEFF 		bl	HAL_UART_IRQHandler
 357              	.LVL5:
 269:Core/Src/stm32f4xx_it.c ****   /* USER CODE BEGIN USART1_IRQn 1 */
 270:Core/Src/stm32f4xx_it.c **** 
 271:Core/Src/stm32f4xx_it.c ****   /* USER CODE END USART1_IRQn 1 */
 272:Core/Src/stm32f4xx_it.c **** }
 358              		.loc 1 272 1 is_stmt 0 view .LVU43
 359 0008 08BD     		pop	{r3, pc}
 360              	.L35:
 361 000a 00BF     		.align	2
 362              	.L34:
 363 000c 00000000 		.word	huart1
 364              		.cfi_endproc
 365              	.LFE143:
 367              		.section	.text.DMA2_Stream2_IRQHandler,"ax",%progbits
 368              		.align	1
 369              		.global	DMA2_Stream2_IRQHandler
 370              		.syntax unified
 371              		.thumb
 372              		.thumb_func
 374              	DMA2_Stream2_IRQHandler:
 375              	.LFB144:
 273:Core/Src/stm32f4xx_it.c **** 
 274:Core/Src/stm32f4xx_it.c **** /**
 275:Core/Src/stm32f4xx_it.c ****   * @brief This function handles DMA2 stream2 global interrupt.
 276:Core/Src/stm32f4xx_it.c ****   */
ARM GAS  C:\Users\william\AppData\Local\Temp\ccryFSs1.s 			page 12


 277:Core/Src/stm32f4xx_it.c **** void DMA2_Stream2_IRQHandler(void)
 278:Core/Src/stm32f4xx_it.c **** {
 376              		.loc 1 278 1 is_stmt 1 view -0
 377              		.cfi_startproc
 378              		@ args = 0, pretend = 0, frame = 0
 379              		@ frame_needed = 0, uses_anonymous_args = 0
 380 0000 08B5     		push	{r3, lr}
 381              		.cfi_def_cfa_offset 8
 382              		.cfi_offset 3, -8
 383              		.cfi_offset 14, -4
 279:Core/Src/stm32f4xx_it.c ****   /* USER CODE BEGIN DMA2_Stream2_IRQn 0 */
 280:Core/Src/stm32f4xx_it.c **** 
 281:Core/Src/stm32f4xx_it.c ****   /* USER CODE END DMA2_Stream2_IRQn 0 */
 282:Core/Src/stm32f4xx_it.c ****   HAL_DMA_IRQHandler(&hdma_usart1_rx);
 384              		.loc 1 282 3 view .LVU45
 385 0002 0248     		ldr	r0, .L38
 386 0004 FFF7FEFF 		bl	HAL_DMA_IRQHandler
 387              	.LVL6:
 283:Core/Src/stm32f4xx_it.c ****   /* USER CODE BEGIN DMA2_Stream2_IRQn 1 */
 284:Core/Src/stm32f4xx_it.c **** 
 285:Core/Src/stm32f4xx_it.c ****   /* USER CODE END DMA2_Stream2_IRQn 1 */
 286:Core/Src/stm32f4xx_it.c **** }
 388              		.loc 1 286 1 is_stmt 0 view .LVU46
 389 0008 08BD     		pop	{r3, pc}
 390              	.L39:
 391 000a 00BF     		.align	2
 392              	.L38:
 393 000c 00000000 		.word	hdma_usart1_rx
 394              		.cfi_endproc
 395              	.LFE144:
 397              		.section	.text.DMA2_Stream7_IRQHandler,"ax",%progbits
 398              		.align	1
 399              		.global	DMA2_Stream7_IRQHandler
 400              		.syntax unified
 401              		.thumb
 402              		.thumb_func
 404              	DMA2_Stream7_IRQHandler:
 405              	.LFB145:
 287:Core/Src/stm32f4xx_it.c **** 
 288:Core/Src/stm32f4xx_it.c **** /**
 289:Core/Src/stm32f4xx_it.c ****   * @brief This function handles DMA2 stream7 global interrupt.
 290:Core/Src/stm32f4xx_it.c ****   */
 291:Core/Src/stm32f4xx_it.c **** void DMA2_Stream7_IRQHandler(void)
 292:Core/Src/stm32f4xx_it.c **** {
 406              		.loc 1 292 1 is_stmt 1 view -0
 407              		.cfi_startproc
 408              		@ args = 0, pretend = 0, frame = 0
 409              		@ frame_needed = 0, uses_anonymous_args = 0
 410 0000 08B5     		push	{r3, lr}
 411              		.cfi_def_cfa_offset 8
 412              		.cfi_offset 3, -8
 413              		.cfi_offset 14, -4
 293:Core/Src/stm32f4xx_it.c ****   /* USER CODE BEGIN DMA2_Stream7_IRQn 0 */
 294:Core/Src/stm32f4xx_it.c **** 
 295:Core/Src/stm32f4xx_it.c ****   /* USER CODE END DMA2_Stream7_IRQn 0 */
 296:Core/Src/stm32f4xx_it.c ****   HAL_DMA_IRQHandler(&hdma_usart1_tx);
 414              		.loc 1 296 3 view .LVU48
ARM GAS  C:\Users\william\AppData\Local\Temp\ccryFSs1.s 			page 13


 415 0002 0248     		ldr	r0, .L42
 416 0004 FFF7FEFF 		bl	HAL_DMA_IRQHandler
 417              	.LVL7:
 297:Core/Src/stm32f4xx_it.c ****   /* USER CODE BEGIN DMA2_Stream7_IRQn 1 */
 298:Core/Src/stm32f4xx_it.c **** 
 299:Core/Src/stm32f4xx_it.c ****   /* USER CODE END DMA2_Stream7_IRQn 1 */
 300:Core/Src/stm32f4xx_it.c **** }
 418              		.loc 1 300 1 is_stmt 0 view .LVU49
 419 0008 08BD     		pop	{r3, pc}
 420              	.L43:
 421 000a 00BF     		.align	2
 422              	.L42:
 423 000c 00000000 		.word	hdma_usart1_tx
 424              		.cfi_endproc
 425              	.LFE145:
 427              		.text
 428              	.Letext0:
 429              		.file 2 "C:/Users/william/AppData/Roaming/Code/User/globalStorage/bmd.stm32-for-vscode/@xpack-dev-
 430              		.file 3 "C:/Users/william/AppData/Roaming/Code/User/globalStorage/bmd.stm32-for-vscode/@xpack-dev-
 431              		.file 4 "Drivers/CMSIS/Device/ST/STM32F4xx/Include/stm32f407xx.h"
 432              		.file 5 "Drivers/CMSIS/Device/ST/STM32F4xx/Include/stm32f4xx.h"
 433              		.file 6 "Drivers/STM32F4xx_HAL_Driver/Inc/stm32f4xx_hal_def.h"
 434              		.file 7 "Drivers/STM32F4xx_HAL_Driver/Inc/stm32f4xx_hal_dma.h"
 435              		.file 8 "Drivers/STM32F4xx_HAL_Driver/Inc/stm32f4xx_hal_can.h"
 436              		.file 9 "Drivers/STM32F4xx_HAL_Driver/Inc/stm32f4xx_hal_uart.h"
 437              		.file 10 "Drivers/STM32F4xx_HAL_Driver/Inc/stm32f4xx_hal.h"
ARM GAS  C:\Users\william\AppData\Local\Temp\ccryFSs1.s 			page 14


DEFINED SYMBOLS
                            *ABS*:00000000 stm32f4xx_it.c
C:\Users\william\AppData\Local\Temp\ccryFSs1.s:21     .text.NMI_Handler:00000000 $t
C:\Users\william\AppData\Local\Temp\ccryFSs1.s:27     .text.NMI_Handler:00000000 NMI_Handler
C:\Users\william\AppData\Local\Temp\ccryFSs1.s:44     .text.HardFault_Handler:00000000 $t
C:\Users\william\AppData\Local\Temp\ccryFSs1.s:50     .text.HardFault_Handler:00000000 HardFault_Handler
C:\Users\william\AppData\Local\Temp\ccryFSs1.s:67     .text.MemManage_Handler:00000000 $t
C:\Users\william\AppData\Local\Temp\ccryFSs1.s:73     .text.MemManage_Handler:00000000 MemManage_Handler
C:\Users\william\AppData\Local\Temp\ccryFSs1.s:90     .text.BusFault_Handler:00000000 $t
C:\Users\william\AppData\Local\Temp\ccryFSs1.s:96     .text.BusFault_Handler:00000000 BusFault_Handler
C:\Users\william\AppData\Local\Temp\ccryFSs1.s:113    .text.UsageFault_Handler:00000000 $t
C:\Users\william\AppData\Local\Temp\ccryFSs1.s:119    .text.UsageFault_Handler:00000000 UsageFault_Handler
C:\Users\william\AppData\Local\Temp\ccryFSs1.s:136    .text.SVC_Handler:00000000 $t
C:\Users\william\AppData\Local\Temp\ccryFSs1.s:142    .text.SVC_Handler:00000000 SVC_Handler
C:\Users\william\AppData\Local\Temp\ccryFSs1.s:155    .text.DebugMon_Handler:00000000 $t
C:\Users\william\AppData\Local\Temp\ccryFSs1.s:161    .text.DebugMon_Handler:00000000 DebugMon_Handler
C:\Users\william\AppData\Local\Temp\ccryFSs1.s:174    .text.PendSV_Handler:00000000 $t
C:\Users\william\AppData\Local\Temp\ccryFSs1.s:180    .text.PendSV_Handler:00000000 PendSV_Handler
C:\Users\william\AppData\Local\Temp\ccryFSs1.s:193    .text.SysTick_Handler:00000000 $t
C:\Users\william\AppData\Local\Temp\ccryFSs1.s:199    .text.SysTick_Handler:00000000 SysTick_Handler
C:\Users\william\AppData\Local\Temp\ccryFSs1.s:218    .text.CAN1_TX_IRQHandler:00000000 $t
C:\Users\william\AppData\Local\Temp\ccryFSs1.s:224    .text.CAN1_TX_IRQHandler:00000000 CAN1_TX_IRQHandler
C:\Users\william\AppData\Local\Temp\ccryFSs1.s:243    .text.CAN1_TX_IRQHandler:0000000c $d
C:\Users\william\AppData\Local\Temp\ccryFSs1.s:248    .text.CAN1_RX0_IRQHandler:00000000 $t
C:\Users\william\AppData\Local\Temp\ccryFSs1.s:254    .text.CAN1_RX0_IRQHandler:00000000 CAN1_RX0_IRQHandler
C:\Users\william\AppData\Local\Temp\ccryFSs1.s:273    .text.CAN1_RX0_IRQHandler:0000000c $d
C:\Users\william\AppData\Local\Temp\ccryFSs1.s:278    .text.CAN1_RX1_IRQHandler:00000000 $t
C:\Users\william\AppData\Local\Temp\ccryFSs1.s:284    .text.CAN1_RX1_IRQHandler:00000000 CAN1_RX1_IRQHandler
C:\Users\william\AppData\Local\Temp\ccryFSs1.s:303    .text.CAN1_RX1_IRQHandler:0000000c $d
C:\Users\william\AppData\Local\Temp\ccryFSs1.s:308    .text.CAN1_SCE_IRQHandler:00000000 $t
C:\Users\william\AppData\Local\Temp\ccryFSs1.s:314    .text.CAN1_SCE_IRQHandler:00000000 CAN1_SCE_IRQHandler
C:\Users\william\AppData\Local\Temp\ccryFSs1.s:333    .text.CAN1_SCE_IRQHandler:0000000c $d
C:\Users\william\AppData\Local\Temp\ccryFSs1.s:338    .text.USART1_IRQHandler:00000000 $t
C:\Users\william\AppData\Local\Temp\ccryFSs1.s:344    .text.USART1_IRQHandler:00000000 USART1_IRQHandler
C:\Users\william\AppData\Local\Temp\ccryFSs1.s:363    .text.USART1_IRQHandler:0000000c $d
C:\Users\william\AppData\Local\Temp\ccryFSs1.s:368    .text.DMA2_Stream2_IRQHandler:00000000 $t
C:\Users\william\AppData\Local\Temp\ccryFSs1.s:374    .text.DMA2_Stream2_IRQHandler:00000000 DMA2_Stream2_IRQHandler
C:\Users\william\AppData\Local\Temp\ccryFSs1.s:393    .text.DMA2_Stream2_IRQHandler:0000000c $d
C:\Users\william\AppData\Local\Temp\ccryFSs1.s:398    .text.DMA2_Stream7_IRQHandler:00000000 $t
C:\Users\william\AppData\Local\Temp\ccryFSs1.s:404    .text.DMA2_Stream7_IRQHandler:00000000 DMA2_Stream7_IRQHandler
C:\Users\william\AppData\Local\Temp\ccryFSs1.s:423    .text.DMA2_Stream7_IRQHandler:0000000c $d

UNDEFINED SYMBOLS
HAL_IncTick
HAL_CAN_IRQHandler
hcan1
HAL_UART_IRQHandler
huart1
HAL_DMA_IRQHandler
hdma_usart1_rx
hdma_usart1_tx
